
ROM used:   1799/8192 (22%)
            1799/8192 (22%) including unused fragments

            1.0 Average locations per line
            6.6 Average locations per statement

RAM used:   34/368 (9%) at main() level
            69/368 (19%) worst case

Stack used: 4 worst case (4 in main + 0 for interrupts)
Stack size: 8

Lines Stmts  %   Files
----- ----- ---  -----
  274    35  13  LCD_GRAFICO_PICC.c
    9     0   0  LCD_GRAFICO_PICC.h
  672     0   0  ..\..\..\..\..\..\Program Files (x86)\PICC\Devices\16F877A.h
  356    76  28  ..\..\..\..\..\..\Program Files (x86)\PICC\Drivers\HDM64GS12.c
  540   163  59  ..\..\..\..\..\..\Program Files (x86)\PICC\Drivers\graphics.c
----- -----
 1851   274 Total

Page ROM  %  RAM    Vol Diff  Functions:
---- --- --- ---    --- ----  ----------
0     22   1    1             @delay_ms1
0    143   8    1    555  3.4  glcd_init
0    118   7    7    779  7.2  glcd_pixel
 Inline         4    506  4.8  glcd_fillScreen
0     37   2    2             @MUL88
0     49   3    2    307  2.8  glcd_writeByte
0     49   3    2    318  2.8  glcd_readByte
0    262  15    0             @const644
0    224  12    0             @const648
0    182  10   17   1519  9.2  glcd_line
0     96   5   11   1071  6.1  glcd_rect
0    214  12   20   1587 11.7  glcd_text57
0    399  22   28   3421  5.1  MAIN
 Inline         0             @cinit1

Program metrics:
    Functions               9
    Statements              274
    Comments                669
    Volume (V)              14361
    Difficulty (D)          52.6
    Effort to implement (E) 755591
    Time to implement (T)   11 hours, 40 minutes
    Est Delivered Bugs (B)  3
    Cyclomatic Complexity   36
    Maintainability (MI)    112

 Segment     Used  Free
-----------  ----  ----
00000-00003     4  0  
00004-007FF  1795  249  
00800-00FFF     0  2048  
01000-017FF     0  2048  
01800-01FFF     0  2048  



