
ROM used:   271/8192 (3%)
            271/8192 (3%) including unused fragments

            0.4 Average locations per line
            6.2 Average locations per statement

RAM used:   16/368 (4%) at main() level
            16/368 (4%) worst case

Stack used: 1 worst case (1 in main + 0 for interrupts)
Stack size: 8

Lines Stmts  %   Files
----- ----- ---  -----
   69    44 100  CONTADOR_0_99999999.c
    9     0   0  CONTADOR_0_99999999.h
  672     0   0  ..\..\..\..\..\Program Files (x86)\PICC\Devices\16F877A.h
----- -----
  750    44 Total

Page ROM  %  RAM    Vol Diff  Functions:
---- --- --- ---    --- ----  ----------
0     21   8    1             @delay_ms1
0     14   5    0     14  0.8  @const622
0    232  86   10   1854  5.0  main
 Inline         0             @cinit1

Program metrics:
    Functions               2
    Statements              44
    Comments                119
    Volume (V)              1916
    Difficulty (D)          6.3
    Effort to implement (E) 12055
    Time to implement (T)   11 minutes
    Est Delivered Bugs (B)  0
    Cyclomatic Complexity   8
    Maintainability (MI)    55

 Segment     Used  Free
-----------  ----  ----
00000-00003     4  0  
00004-007FF   267  1777  
00800-00FFF     0  2048  
01000-017FF     0  2048  
01800-01FFF     0  2048  



