
ROM used:   107/8192 (1%)
            107/8192 (1%) including unused fragments

            0.2 Average locations per line
            8.2 Average locations per statement

RAM used:   9/368 (2%) at main() level
            9/368 (2%) worst case

Stack used: 0 worst case (0 in main + 0 for interrupts)
Stack size: 8

Lines Stmts  %   Files
----- ----- ---  -----
   29    13 100  DISPLAY_7_SEG_PICC.c
    9     0   0  DISPLAY_7_SEG_PICC.h
  672     0   0  ..\..\..\..\..\Program Files (x86)\PICC\Devices\16F877A.h
----- -----
  710    13 Total

Page ROM  %  RAM    Vol Diff  Functions:
---- --- --- ---    --- ----  ----------
0     21  20    1             @delay_ms1
0     14  13    0     14  0.8  @const622
0     68  64    3    399  4.7  main
 Inline         0             @cinit1

Program metrics:
    Functions               2
    Statements              13
    Comments                122
    Volume (V)              448
    Difficulty (D)          5.6
    Effort to implement (E) 2530
    Time to implement (T)   2 minutes
    Est Delivered Bugs (B)  0
    Cyclomatic Complexity   2
    Maintainability (MI)    90

 Segment     Used  Free
-----------  ----  ----
00000-00003     4  0  
00004-007FF   103  1941  
00800-00FFF     0  2048  
01000-017FF     0  2048  
01800-01FFF     0  2048  



