
ROM used:   476/8192 (6%)
            476/8192 (6%) including unused fragments

            0.4 Average locations per line
            4.0 Average locations per statement

RAM used:   11/368 (3%) at main() level
            23/368 (6%) worst case

Stack used: 5 worst case (5 in main + 0 for interrupts)
Stack size: 8

Lines Stmts  %   Files
----- ----- ---  -----
   76    35  29  LCD_PICC.c
    7     0   0  LCD_PICC.h
  672     0   0  ..\..\..\..\..\Program Files (x86)\PICC\Devices\16F877A.h
  456    84  71  ..\..\..\..\..\Program Files (x86)\PICC\Drivers\lcd.c
----- -----
 1211   119 Total

Page ROM  %  RAM    Vol Diff  Functions:
---- --- --- ---    --- ----  ----------
0     21   4    1             @delay_ms1
 Inline         3    596  5.9  lcd_read_byte
0      6   1    0     59  4.2  lcd_read_nibble
0     12   3    1    179  3.3  lcd_send_nibble
0     64  13    3    460  4.7  lcd_send_byte
0     62  13    6    814  7.2  lcd_init
0     18   4    4    208  6.3  lcd_gotoxy
0     44   9    1    354  4.7  lcd_putc
 Inline         0     17  0.8  MEDIR
 Inline         0     17  0.8  CALIBRAR
 Inline         0     17  0.8  INICIALIZACION
0     37   8    1    131  3.2  RUN_FUN
0    108  23    3    731  6.7  MAIN
0      3   1    0             @const673
0     86  18    4             @PSTRINGC7_647
0      5   1    0             @const678
0      6   1    0             @const679
 Inline         0             @cinit1

Program metrics:
    Functions               12
    Statements              119
    Comments                219
    Volume (V)              5634
    Difficulty (D)          48.5
    Effort to implement (E) 272997
    Time to implement (T)   4 hours, 13 minutes
    Est Delivered Bugs (B)  1
    Cyclomatic Complexity   17
    Maintainability (MI)    118

 Segment     Used  Free
-----------  ----  ----
00000-00003     4  0  
00004-007FF   472  1572  
00800-00FFF     0  2048  
01000-017FF     0  2048  
01800-01FFF     0  2048  



