CCS PCM C Compiler, Version 5.042, 5967               11-Abr.-20 11:05

               Filename:   C:\Users\Casa\Desktop\PIC16F877A_PICC\LCD_PICC\LCD_PICC.lst

               ROM used:   476 words (6%)
                           Largest free fragment is 2048
               RAM used:   11 (3%) at main() level
                           23 (6%) worst case
               Stack used: 5 locations
               Stack size: 8

*
0000:  MOVLW  01
0001:  MOVWF  0A
0002:  GOTO   170
0003:  NOP
.................... #include <LCD_PICC.h> 
.................... #include <16F877A.h> 
.................... //////////// Standard Header file for the PIC16F877A device //////////////// 
.................... /////////////////////////////////////////////////////////////////////////// 
.................... ////        (C) Copyright 1996, 2014 Custom Computer Services          //// 
.................... //// This source code may only be used by licensed users of the CCS C  //// 
.................... //// compiler.  This source code may only be distributed to other      //// 
.................... //// licensed users of the CCS C compiler.  No other use, reproduction //// 
.................... //// or distribution is permitted without written permission.          //// 
.................... //// Derivative programs created using this software in object code    //// 
.................... //// form are not restricted in any way.                               //// 
.................... /////////////////////////////////////////////////////////////////////////// 
.................... #device PIC16F877A 
0004:  DATA CD,22
0005:  DATA C4,24
0006:  DATA 52,00
0007:  DATA C3,20
0008:  DATA CC,24
0009:  DATA 42,29
000A:  DATA 41,29
000B:  DATA 00,01
000C:  DATA 49,27
000D:  DATA C9,21
000E:  DATA C9,20
000F:  DATA CC,24
0010:  DATA DA,20
0011:  DATA 52,00
*
00F5:  MOVF   0B,W
00F6:  MOVWF  25
00F7:  BCF    0B.7
00F8:  BSF    03.5
00F9:  BSF    03.6
00FA:  BSF    0C.7
00FB:  BSF    0C.0
00FC:  NOP
00FD:  NOP
00FE:  BCF    03.5
00FF:  BCF    03.6
0100:  BTFSC  25.7
0101:  BSF    0B.7
0102:  BSF    03.6
0103:  MOVF   0C,W
0104:  ANDLW  7F
0105:  BTFSC  03.2
0106:  GOTO   149
0107:  BCF    03.6
0108:  MOVWF  25
0109:  BSF    03.6
010A:  MOVF   0D,W
010B:  BCF    03.6
010C:  MOVWF  26
010D:  BSF    03.6
010E:  MOVF   0F,W
010F:  BCF    03.6
0110:  MOVWF  27
0111:  MOVF   25,W
0112:  MOVWF  28
0113:  CALL   0C9
0114:  MOVF   26,W
0115:  BSF    03.6
0116:  MOVWF  0D
0117:  BCF    03.6
0118:  MOVF   27,W
0119:  BSF    03.6
011A:  MOVWF  0F
011B:  BCF    03.6
011C:  MOVF   0B,W
011D:  MOVWF  28
011E:  BCF    0B.7
011F:  BSF    03.5
0120:  BSF    03.6
0121:  BSF    0C.7
0122:  BSF    0C.0
0123:  NOP
0124:  NOP
0125:  BCF    03.5
0126:  BCF    03.6
0127:  BTFSC  28.7
0128:  BSF    0B.7
0129:  BSF    03.6
012A:  RLF    0C,W
012B:  RLF    0E,W
012C:  ANDLW  7F
012D:  BTFSC  03.2
012E:  GOTO   149
012F:  BCF    03.6
0130:  MOVWF  25
0131:  BSF    03.6
0132:  MOVF   0D,W
0133:  BCF    03.6
0134:  MOVWF  26
0135:  BSF    03.6
0136:  MOVF   0F,W
0137:  BCF    03.6
0138:  MOVWF  27
0139:  MOVF   25,W
013A:  MOVWF  28
013B:  CALL   0C9
013C:  MOVF   26,W
013D:  BSF    03.6
013E:  MOVWF  0D
013F:  BCF    03.6
0140:  MOVF   27,W
0141:  BSF    03.6
0142:  MOVWF  0F
0143:  INCF   0D,F
0144:  BTFSC  03.2
0145:  INCF   0F,F
0146:  BCF    03.6
0147:  GOTO   0F5
0148:  BSF    03.6
0149:  BCF    03.6
014A:  RETURN
....................  
.................... #list 
....................  
.................... #fuses   XT,NOWDT,NOPUT,NOLVP,NOPROTECT  
.................... #use delay(crystal=4000000) 
*
0012:  MOVLW  2A
0013:  MOVWF  04
0014:  BCF    03.7
0015:  MOVF   00,W
0016:  BTFSC  03.2
0017:  GOTO   026
0018:  MOVLW  01
0019:  MOVWF  78
001A:  CLRF   77
001B:  DECFSZ 77,F
001C:  GOTO   01B
001D:  DECFSZ 78,F
001E:  GOTO   01A
001F:  MOVLW  4A
0020:  MOVWF  77
0021:  DECFSZ 77,F
0022:  GOTO   021
0023:  GOTO   024
0024:  DECFSZ 00,F
0025:  GOTO   018
0026:  RETURN
.................... #use standard_io(b) 
.................... #use standard_io(c) 
....................  
....................  
.................... #include <lcd.c> 
.................... /////////////////////////////////////////////////////////////////////////////// 
.................... ////                             LCD.C                                     //// 
.................... ////                 Driver for common LCD modules                         //// 
.................... ////                                                                       //// 
.................... ////  lcd_init()   Must be called before any other function.               //// 
.................... ////                                                                       //// 
.................... ////  lcd_putc(c)  Will display c on the next position of the LCD.         //// 
.................... ////                 \a  Set cursor position to upper left                 //// 
.................... ////                 \f  Clear display, set cursor to upper left           //// 
.................... ////                 \n  Go to start of second line                        //// 
.................... ////                 \b  Move back one position                            //// 
.................... ////              If LCD_EXTENDED_NEWLINE is defined, the \n character     //// 
.................... ////              will erase all remanining characters on the current      //// 
.................... ////              line, and move the cursor to the beginning of the next   //// 
.................... ////              line.                                                    //// 
.................... ////              If LCD_EXTENDED_NEWLINE is defined, the \r character     //// 
.................... ////              will move the cursor to the start of the current         //// 
.................... ////              line.                                                    //// 
.................... ////                                                                       //// 
.................... ////  lcd_gotoxy(x,y) Set write position on LCD (upper left is 1,1)        //// 
.................... ////                                                                       //// 
.................... ////  lcd_getc(x,y)   Returns character at position x,y on LCD             //// 
.................... ////                                                                       //// 
.................... ////  lcd_cursor_on(int1 on)   Turn the cursor on (on=TRUE) or off         //// 
.................... ////              (on=FALSE).                                              //// 
.................... ////                                                                       //// 
.................... ////  lcd_set_cgram_char(w, *p)   Write a custom character to the CGRAM.   //// 
.................... ////                                                                       //// 
.................... ////                                                                       //// 
.................... ////  CONFIGURATION                                                        //// 
.................... ////  The LCD can be configured in one of two ways: a.) port access or     //// 
.................... ////  b.) pin access.  Port access requires the entire 7 bit interface     //// 
.................... ////  connected to one GPIO port, and the data bits (D4:D7 of the LCD)     //// 
.................... ////  connected to sequential pins on the GPIO.  Pin access                //// 
.................... ////  has no requirements, all 7 bits of the control interface can         //// 
.................... ////  can be connected to any GPIO using several ports.                    //// 
.................... ////                                                                       //// 
.................... ////  To use port access, #define LCD_DATA_PORT to the SFR location of     //// 
.................... ////  of the GPIO port that holds the interface, -AND- edit LCD_PIN_MAP    //// 
.................... ////  of this file to configure the pin order.  If you are using a         //// 
.................... ////  baseline PIC (PCB), then LCD_OUTPUT_MAP and LCD_INPUT_MAP also must  //// 
.................... ////  be defined.                                                          //// 
.................... ////                                                                       //// 
.................... ////  Example of port access:                                              //// 
.................... ////     #define LCD_DATA_PORT getenv("SFR:PORTD")                         //// 
.................... ////                                                                       //// 
.................... ////  To use pin access, the following pins must be defined:               //// 
.................... ////     LCD_ENABLE_PIN                                                    //// 
.................... ////     LCD_RS_PIN                                                        //// 
.................... ////     LCD_RW_PIN                                                        //// 
.................... ////     LCD_DATA4                                                         //// 
.................... ////     LCD_DATA5                                                         //// 
.................... ////     LCD_DATA6                                                         //// 
.................... ////     LCD_DATA7                                                         //// 
.................... ////                                                                       //// 
.................... ////  Example of pin access:                                               //// 
.................... ////     #define LCD_ENABLE_PIN  PIN_E0                                    //// 
.................... ////     #define LCD_RS_PIN      PIN_E1                                    //// 
.................... ////     #define LCD_RW_PIN      PIN_E2                                    //// 
.................... ////     #define LCD_DATA4       PIN_D4                                    //// 
.................... ////     #define LCD_DATA5       PIN_D5                                    //// 
.................... ////     #define LCD_DATA6       PIN_D6                                    //// 
.................... ////     #define LCD_DATA7       PIN_D7                                    //// 
.................... ////                                                                       //// 
.................... /////////////////////////////////////////////////////////////////////////////// 
.................... ////        (C) Copyright 1996,2010 Custom Computer Services           //// 
.................... //// This source code may only be used by licensed users of the CCS C  //// 
.................... //// compiler.  This source code may only be distributed to other      //// 
.................... //// licensed users of the CCS C compiler.  No other use, reproduction //// 
.................... //// or distribution is permitted without written permission.          //// 
.................... //// Derivative programs created using this software in object code    //// 
.................... //// form are not restricted in any way.                               //// 
.................... /////////////////////////////////////////////////////////////////////////// 
....................  
.................... #ifndef __LCD_C__ 
.................... #define __LCD_C__ 
....................  
.................... // define the pinout. 
.................... // only required if port access is being used. 
.................... typedef struct   
.................... {                            // This structure is overlayed 
....................    int1 enable;           // on to an I/O port to gain 
....................    int1 rs;               // access to the LCD pins. 
....................    int1 rw;               // The bits are allocated from 
....................    int1 unused;           // low order up.  ENABLE will 
....................    unsigned int     data : 4;         // be LSB pin of that port. 
....................   #if defined(__PCD__)       // The port used will be LCD_DATA_PORT. 
....................    unsigned int    reserved: 8; 
....................   #endif 
.................... } LCD_PIN_MAP; 
....................  
.................... // this is to improve compatability with previous LCD drivers that accepted 
.................... // a define labeled 'use_portb_lcd' that configured the LCD onto port B. 
.................... #if ((defined(use_portb_lcd)) && (use_portb_lcd==TRUE)) 
....................  #define LCD_DATA_PORT getenv("SFR:PORTB") 
.................... #endif 
....................  
.................... #if defined(__PCB__) 
....................    // these definitions only need to be modified for baseline PICs. 
....................    // all other PICs use LCD_PIN_MAP or individual LCD_xxx pin definitions. 
.................... /*                                    EN, RS,   RW,   UNUSED,  DATA  */ 
....................  const LCD_PIN_MAP LCD_OUTPUT_MAP =  {0,  0,    0,    0,       0}; 
....................  const LCD_PIN_MAP LCD_INPUT_MAP =   {0,  0,    0,    0,       0xF}; 
.................... #endif 
....................  
.................... ////////////////////// END CONFIGURATION /////////////////////////////////// 
....................  
.................... #ifndef LCD_ENABLE_PIN 
....................    #define lcd_output_enable(x) lcdlat.enable=x 
....................    #define lcd_enable_tris()   lcdtris.enable=0 
.................... #else 
....................    #define lcd_output_enable(x) output_bit(LCD_ENABLE_PIN, x) 
....................    #define lcd_enable_tris()  output_drive(LCD_ENABLE_PIN) 
.................... #endif 
....................  
.................... #ifndef LCD_RS_PIN 
....................    #define lcd_output_rs(x) lcdlat.rs=x 
....................    #define lcd_rs_tris()   lcdtris.rs=0 
.................... #else 
....................    #define lcd_output_rs(x) output_bit(LCD_RS_PIN, x) 
....................    #define lcd_rs_tris()  output_drive(LCD_RS_PIN) 
.................... #endif 
....................  
.................... #ifndef LCD_RW_PIN 
....................    #define lcd_output_rw(x) lcdlat.rw=x 
....................    #define lcd_rw_tris()   lcdtris.rw=0 
.................... #else 
....................    #define lcd_output_rw(x) output_bit(LCD_RW_PIN, x) 
....................    #define lcd_rw_tris()  output_drive(LCD_RW_PIN) 
.................... #endif 
....................  
.................... // original version of this library incorrectly labeled LCD_DATA0 as LCD_DATA4, 
.................... // LCD_DATA1 as LCD_DATA5, and so on.  this block of code makes the driver 
.................... // compatible with any code written for the original library 
.................... #if (defined(LCD_DATA0) && defined(LCD_DATA1) && defined(LCD_DATA2) && defined(LCD_DATA3) && !defined(LCD_DATA4) && !defined(LCD_DATA5) && !defined(LCD_DATA6) && !defined(LCD_DATA7)) 
....................    #define  LCD_DATA4    LCD_DATA0 
....................    #define  LCD_DATA5    LCD_DATA1 
....................    #define  LCD_DATA6    LCD_DATA2 
....................    #define  LCD_DATA7    LCD_DATA3 
.................... #endif 
....................  
.................... #ifndef LCD_DATA4 
.................... #ifndef LCD_DATA_PORT 
....................    #if defined(__PCB__) 
....................       #define LCD_DATA_PORT      0x06     //portb 
....................       #define set_tris_lcd(x)   set_tris_b(x) 
....................    #else 
....................      #if defined(PIN_D0) 
....................       #define LCD_DATA_PORT      getenv("SFR:PORTD")     //portd 
....................      #else 
....................       #define LCD_DATA_PORT      getenv("SFR:PORTB")     //portb 
....................      #endif 
....................    #endif    
.................... #endif 
....................  
.................... #if defined(__PCB__) 
....................    LCD_PIN_MAP lcd, lcdlat; 
....................    #byte lcd = LCD_DATA_PORT 
....................    #byte lcdlat = LCD_DATA_PORT 
.................... #elif defined(__PCM__) 
....................    LCD_PIN_MAP lcd, lcdlat, lcdtris; 
....................    #byte lcd = LCD_DATA_PORT 
....................    #byte lcdlat = LCD_DATA_PORT 
....................    #byte lcdtris = LCD_DATA_PORT+0x80 
.................... #elif defined(__PCH__) 
....................    LCD_PIN_MAP lcd, lcdlat, lcdtris; 
....................    #byte lcd = LCD_DATA_PORT 
....................    #byte lcdlat = LCD_DATA_PORT+9 
....................    #byte lcdtris = LCD_DATA_PORT+0x12 
.................... #elif defined(__PCD__) 
....................    LCD_PIN_MAP lcd, lcdlat, lcdtris; 
....................    #word lcd = LCD_DATA_PORT 
....................    #word lcdlat = LCD_DATA_PORT+2 
....................    #word lcdtris = LCD_DATA_PORT-0x02 
.................... #endif 
.................... #endif   //LCD_DATA4 not defined 
....................  
.................... #ifndef LCD_TYPE 
....................    #define LCD_TYPE 2           // 0=5x7, 1=5x10, 2=2 lines 
.................... #endif 
....................  
.................... #ifndef LCD_LINE_TWO 
....................    #define LCD_LINE_TWO 0x40    // LCD RAM address for the second line 
.................... #endif 
....................  
.................... #ifndef LCD_LINE_LENGTH 
....................    #define LCD_LINE_LENGTH 20 
.................... #endif 
....................  
.................... unsigned int8 lcd_read_nibble(void); 
....................  
.................... unsigned int8 lcd_read_byte(void) 
.................... { 
....................    unsigned int8 low,high; 
....................  
....................  #if defined(__PCB__) 
....................    set_tris_lcd(LCD_INPUT_MAP); 
....................  #else 
....................   #if (defined(LCD_DATA4) && defined(LCD_DATA5) && defined(LCD_DATA6) && defined(LCD_DATA7)) 
....................    output_float(LCD_DATA4); 
....................    output_float(LCD_DATA5); 
....................    output_float(LCD_DATA6); 
....................    output_float(LCD_DATA7); 
....................   #else 
....................    lcdtris.data = 0xF; 
*
003F:  MOVLW  0F
0040:  BSF    03.5
0041:  ANDWF  08,W
0042:  IORLW  F0
0043:  MOVWF  08
....................   #endif 
....................  #endif 
....................          
....................    lcd_output_rw(1); 
0044:  BCF    03.5
0045:  BSF    08.2
....................    delay_cycles(1); 
0046:  NOP
....................    lcd_output_enable(1); 
0047:  BSF    08.0
....................    delay_cycles(1); 
0048:  NOP
....................    high = lcd_read_nibble(); 
0049:  CALL   033
004A:  MOVF   78,W
004B:  MOVWF  30
....................        
....................    lcd_output_enable(0); 
004C:  BCF    08.0
....................    delay_cycles(1); 
004D:  NOP
....................    lcd_output_enable(1); 
004E:  BSF    08.0
....................    delay_us(1); 
004F:  NOP
....................    low = lcd_read_nibble(); 
0050:  CALL   033
0051:  MOVF   78,W
0052:  MOVWF  2F
....................        
....................    lcd_output_enable(0); 
0053:  BCF    08.0
....................  
....................  #if defined(__PCB__) 
....................    set_tris_lcd(LCD_OUTPUT_MAP); 
....................  #else 
....................   #if (defined(LCD_DATA4) && defined(LCD_DATA5) && defined(LCD_DATA6) && defined(LCD_DATA7)) 
....................    output_drive(LCD_DATA4); 
....................    output_drive(LCD_DATA5); 
....................    output_drive(LCD_DATA6); 
....................    output_drive(LCD_DATA7); 
....................   #else 
....................    lcdtris.data = 0x0; 
0054:  MOVLW  0F
0055:  BSF    03.5
0056:  ANDWF  08,W
0057:  MOVWF  08
....................   #endif 
....................  #endif 
....................  
....................    return( (high<<4) | low); 
0058:  BCF    03.5
0059:  SWAPF  30,W
005A:  MOVWF  77
005B:  MOVLW  F0
005C:  ANDWF  77,F
005D:  MOVF   77,W
005E:  IORWF  2F,W
005F:  MOVWF  78
.................... } 
....................  
.................... unsigned int8 lcd_read_nibble(void) 
.................... { 
....................   #if (defined(LCD_DATA4) && defined(LCD_DATA5) && defined(LCD_DATA6) && defined(LCD_DATA7)) 
....................    unsigned int8 n = 0x00; 
....................  
....................    /* Read the data port */ 
....................    n |= input(LCD_DATA4); 
....................    n |= input(LCD_DATA5) << 1; 
....................    n |= input(LCD_DATA6) << 2; 
....................    n |= input(LCD_DATA7) << 3; 
....................     
....................    return(n); 
....................   #else 
....................    return(lcd.data); 
*
0033:  MOVF   08,W
0034:  MOVWF  77
0035:  SWAPF  08,W
0036:  ANDLW  0F
0037:  MOVWF  78
....................   #endif 
0038:  RETURN
.................... } 
....................  
.................... void lcd_send_nibble(unsigned int8 n) 
.................... { 
....................   #if (defined(LCD_DATA4) && defined(LCD_DATA5) && defined(LCD_DATA6) && defined(LCD_DATA7)) 
....................    /* Write to the data port */ 
....................    output_bit(LCD_DATA4, bit_test(n, 0)); 
....................    output_bit(LCD_DATA5, bit_test(n, 1)); 
....................    output_bit(LCD_DATA6, bit_test(n, 2)); 
....................    output_bit(LCD_DATA7, bit_test(n, 3)); 
....................   #else       
....................    lcdlat.data = n; 
*
0027:  SWAPF  30,W
0028:  ANDLW  F0
0029:  MOVWF  77
002A:  MOVLW  0F
002B:  ANDWF  08,W
002C:  IORWF  77,W
002D:  MOVWF  08
....................   #endif 
....................        
....................    delay_cycles(1); 
002E:  NOP
....................    lcd_output_enable(1); 
002F:  BSF    08.0
....................    delay_us(2); 
0030:  GOTO   031
....................    lcd_output_enable(0); 
0031:  BCF    08.0
0032:  RETURN
.................... } 
....................  
.................... void lcd_send_byte(unsigned int8 address, unsigned int8 n) 
.................... { 
....................   #if defined(__PCB__) 
....................    set_tris_lcd(LCD_OUTPUT_MAP); 
....................   #else 
....................    lcd_enable_tris(); 
*
0039:  BSF    03.5
003A:  BCF    08.0
....................    lcd_rs_tris(); 
003B:  BCF    08.1
....................    lcd_rw_tris(); 
003C:  BCF    08.2
....................   #endif 
....................  
....................    lcd_output_rs(0); 
003D:  BCF    03.5
003E:  BCF    08.1
....................    while ( bit_test(lcd_read_byte(),7) ) ; 
*
0060:  MOVF   78,W
0061:  MOVWF  2F
0062:  BTFSC  2F.7
0063:  GOTO   03F
....................    lcd_output_rs(address); 
0064:  BTFSS  2D.0
0065:  BCF    08.1
0066:  BTFSC  2D.0
0067:  BSF    08.1
....................    delay_cycles(1); 
0068:  NOP
....................    lcd_output_rw(0); 
0069:  BCF    08.2
....................    delay_cycles(1); 
006A:  NOP
....................    lcd_output_enable(0); 
006B:  BCF    08.0
....................    lcd_send_nibble(n >> 4); 
006C:  SWAPF  2E,W
006D:  MOVWF  2F
006E:  MOVLW  0F
006F:  ANDWF  2F,F
0070:  MOVF   2F,W
0071:  MOVWF  30
0072:  CALL   027
....................    lcd_send_nibble(n & 0xf); 
0073:  MOVF   2E,W
0074:  ANDLW  0F
0075:  MOVWF  2F
0076:  MOVWF  30
0077:  CALL   027
0078:  RETURN
.................... } 
....................  
.................... #if defined(LCD_EXTENDED_NEWLINE) 
.................... unsigned int8 g_LcdX, g_LcdY; 
.................... #endif 
....................  
.................... void lcd_init(void)  
.................... { 
....................    unsigned int8 i; 
....................    unsigned int8 LCD_INIT_STRING[4] = {0x20 | (LCD_TYPE << 2), 0xc, 1, 6}; 
0079:  MOVLW  28
007A:  MOVWF  26
007B:  MOVLW  0C
007C:  MOVWF  27
007D:  MOVLW  01
007E:  MOVWF  28
007F:  MOVLW  06
0080:  MOVWF  29
....................                              // These bytes need to be sent to the LCD 
....................                              // to start it up. 
....................     
....................  
....................    lcd_output_enable(0); 
0081:  BCF    08.0
....................    lcd_output_rs(0); 
0082:  BCF    08.1
....................    lcd_output_rw(0); 
0083:  BCF    08.2
....................  
....................  #if defined(__PCB__) 
....................    set_tris_lcd(LCD_OUTPUT_MAP); 
....................  #else 
....................   #if (defined(LCD_DATA4) && defined(LCD_DATA5) && defined(LCD_DATA6) && defined(LCD_DATA7)) 
....................    output_drive(LCD_DATA4); 
....................    output_drive(LCD_DATA5); 
....................    output_drive(LCD_DATA6); 
....................    output_drive(LCD_DATA7); 
....................   #else 
....................    lcdtris.data = 0x0; 
0084:  MOVLW  0F
0085:  BSF    03.5
0086:  ANDWF  08,W
0087:  MOVWF  08
....................   #endif 
....................    lcd_enable_tris(); 
0088:  BCF    08.0
....................    lcd_rs_tris(); 
0089:  BCF    08.1
....................    lcd_rw_tris(); 
008A:  BCF    08.2
....................  #endif 
....................      
....................    delay_ms(15); 
008B:  MOVLW  0F
008C:  BCF    03.5
008D:  MOVWF  2A
008E:  CALL   012
....................    for(i=1;i<=3;++i) 
008F:  MOVLW  01
0090:  MOVWF  25
0091:  MOVF   25,W
0092:  SUBLW  03
0093:  BTFSS  03.0
0094:  GOTO   09D
....................    { 
....................        lcd_send_nibble(3); 
0095:  MOVLW  03
0096:  MOVWF  30
0097:  CALL   027
....................        delay_ms(5); 
0098:  MOVLW  05
0099:  MOVWF  2A
009A:  CALL   012
009B:  INCF   25,F
009C:  GOTO   091
....................    } 
....................     
....................    lcd_send_nibble(2); 
009D:  MOVLW  02
009E:  MOVWF  30
009F:  CALL   027
....................    delay_ms(5); 
00A0:  MOVLW  05
00A1:  MOVWF  2A
00A2:  CALL   012
....................    for(i=0;i<=3;++i) 
00A3:  CLRF   25
00A4:  MOVF   25,W
00A5:  SUBLW  03
00A6:  BTFSS  03.0
00A7:  GOTO   0B4
....................       lcd_send_byte(0,LCD_INIT_STRING[i]); 
00A8:  MOVLW  26
00A9:  ADDWF  25,W
00AA:  MOVWF  04
00AB:  BCF    03.7
00AC:  MOVF   00,W
00AD:  MOVWF  2A
00AE:  CLRF   2D
00AF:  MOVF   2A,W
00B0:  MOVWF  2E
00B1:  CALL   039
....................  
....................   #if defined(LCD_EXTENDED_NEWLINE) 
00B2:  INCF   25,F
00B3:  GOTO   0A4
00B4:  BCF    0A.3
00B5:  BCF    0A.4
00B6:  GOTO   183 (RETURN)
....................    g_LcdX = 0; 
....................    g_LcdY = 0; 
....................   #endif 
.................... } 
....................  
.................... void lcd_gotoxy(unsigned int8 x, unsigned int8 y) 
.................... { 
....................    unsigned int8 address; 
....................     
....................    if(y!=1) 
00B7:  DECFSZ 2A,W
00B8:  GOTO   0BA
00B9:  GOTO   0BD
....................       address=LCD_LINE_TWO; 
00BA:  MOVLW  40
00BB:  MOVWF  2B
00BC:  GOTO   0BE
....................    else 
....................       address=0; 
00BD:  CLRF   2B
....................       
....................    address+=x-1; 
00BE:  MOVLW  01
00BF:  SUBWF  29,W
00C0:  ADDWF  2B,F
....................    lcd_send_byte(0,0x80|address); 
00C1:  MOVF   2B,W
00C2:  IORLW  80
00C3:  MOVWF  2C
00C4:  CLRF   2D
00C5:  MOVF   2C,W
00C6:  MOVWF  2E
00C7:  CALL   039
....................  
....................   #if defined(LCD_EXTENDED_NEWLINE) 
00C8:  RETURN
....................    g_LcdX = x - 1; 
....................    g_LcdY = y - 1; 
....................   #endif 
.................... } 
....................  
.................... void lcd_putc(char c) 
.................... { 
....................    switch (c) 
00C9:  MOVF   28,W
00CA:  XORLW  07
00CB:  BTFSC  03.2
00CC:  GOTO   0D7
00CD:  XORLW  0B
00CE:  BTFSC  03.2
00CF:  GOTO   0DC
00D0:  XORLW  06
00D1:  BTFSC  03.2
00D2:  GOTO   0E4
00D3:  XORLW  02
00D4:  BTFSC  03.2
00D5:  GOTO   0EA
00D6:  GOTO   0EF
....................    { 
....................       case '\a'   :  lcd_gotoxy(1,1);     break; 
00D7:  MOVLW  01
00D8:  MOVWF  29
00D9:  MOVWF  2A
00DA:  CALL   0B7
00DB:  GOTO   0F4
....................  
....................       case '\f'   :  lcd_send_byte(0,1); 
00DC:  CLRF   2D
00DD:  MOVLW  01
00DE:  MOVWF  2E
00DF:  CALL   039
....................                      delay_ms(2); 
00E0:  MOVLW  02
00E1:  MOVWF  2A
00E2:  CALL   012
....................                     #if defined(LCD_EXTENDED_NEWLINE) 
....................                      g_LcdX = 0; 
....................                      g_LcdY = 0; 
....................                     #endif 
....................                      break; 
00E3:  GOTO   0F4
....................  
....................      #if defined(LCD_EXTENDED_NEWLINE) 
....................       case '\r'   :  lcd_gotoxy(1, g_LcdY+1);   break; 
....................       case '\n'   : 
....................          while (g_LcdX++ < LCD_LINE_LENGTH) 
....................          { 
....................             lcd_send_byte(1, ' '); 
....................          } 
....................          lcd_gotoxy(1, g_LcdY+2); 
....................          break; 
....................      #else 
....................       case '\n'   : lcd_gotoxy(1,2);        break; 
00E4:  MOVLW  01
00E5:  MOVWF  29
00E6:  MOVLW  02
00E7:  MOVWF  2A
00E8:  CALL   0B7
00E9:  GOTO   0F4
....................      #endif 
....................       
....................       case '\b'   : lcd_send_byte(0,0x10);  break; 
00EA:  CLRF   2D
00EB:  MOVLW  10
00EC:  MOVWF  2E
00ED:  CALL   039
00EE:  GOTO   0F4
....................       
....................      #if defined(LCD_EXTENDED_NEWLINE) 
....................       default     :  
....................          if (g_LcdX < LCD_LINE_LENGTH) 
....................          { 
....................             lcd_send_byte(1, c); 
....................             g_LcdX++; 
....................          } 
....................          break; 
....................      #else 
....................       default     : lcd_send_byte(1,c);     break; 
00EF:  MOVLW  01
00F0:  MOVWF  2D
00F1:  MOVF   28,W
00F2:  MOVWF  2E
00F3:  CALL   039
....................      #endif 
....................    } 
00F4:  RETURN
.................... } 
....................   
.................... char lcd_getc(unsigned int8 x, unsigned int8 y) 
.................... { 
....................    char value; 
....................  
....................    lcd_gotoxy(x,y); 
....................    while ( bit_test(lcd_read_byte(),7) ); // wait until busy flag is low 
....................    lcd_output_rs(1); 
....................    value = lcd_read_byte(); 
....................    lcd_output_rs(0); 
....................     
....................    return(value); 
.................... } 
....................  
.................... // write a custom character to the ram 
.................... // which is 0-7 and specifies which character array we are modifying. 
.................... // ptr points to an array of 8 bytes, where each byte is the next row of 
.................... //    pixels.  only bits 0-4 are used.  the last row is the cursor row, and 
.................... //    usually you will want to leave this byte 0x00. 
.................... void lcd_set_cgram_char(unsigned int8 which, unsigned int8 *ptr) 
.................... { 
....................    unsigned int i; 
....................  
....................    which <<= 3; 
....................    which &= 0x38; 
....................  
....................    lcd_send_byte(0, 0x40 | which);  //set cgram address 
....................  
....................    for(i=0; i<8; i++) 
....................    { 
....................       lcd_send_byte(1, *ptr++); 
....................    } 
....................    
....................    #if defined(LCD_EXTENDED_NEWLINE) 
....................     lcd_gotoxy(g_LcdX+1, g_LcdY+1);  //set ddram address 
....................    #endif 
.................... } 
....................  
.................... void lcd_cursor_on(int1 on) 
.................... { 
....................    if (on) 
....................    { 
....................       lcd_send_byte(0,0x0F);           //turn LCD cursor ON 
....................    } 
....................    else 
....................    { 
....................       lcd_send_byte(0,0x0C);           //turn LCD cursor OFF 
....................    } 
.................... } 
....................  
.................... #endif 
....................  
.................... ENUM FUNCIONES{MED,CAL,INI}; 
.................... VOID MEDIR() 
.................... { 
.................... output_toggle(PIN_C0); 
*
0156:  BCF    20.0
0157:  MOVF   20,W
0158:  BSF    03.5
0159:  MOVWF  07
015A:  MOVLW  01
015B:  BCF    03.5
015C:  XORWF  07,F
.................... } 
.................... VOID CALIBRAR() 
.................... { 
.................... output_toggle(PIN_C1); 
*
015E:  BCF    20.1
015F:  MOVF   20,W
0160:  BSF    03.5
0161:  MOVWF  07
0162:  MOVLW  02
0163:  BCF    03.5
0164:  XORWF  07,F
.................... } 
.................... VOID INICIALIZACION() 
.................... { 
.................... output_toggle(PIN_C2); 
*
0166:  BCF    20.2
0167:  MOVF   20,W
0168:  BSF    03.5
0169:  MOVWF  07
016A:  MOVLW  04
016B:  BCF    03.5
016C:  XORWF  07,F
.................... } 
.................... VOID RUN_FUN(INT NUMFUNC) 
.................... { 
.................... SWITCH(NUMFUNC) 
*
014B:  MOVF   25,W
014C:  XORLW  00
014D:  BTFSC  03.2
014E:  GOTO   156
014F:  XORLW  01
0150:  BTFSC  03.2
0151:  GOTO   15E
0152:  XORLW  03
0153:  BTFSC  03.2
0154:  GOTO   166
0155:  GOTO   16D
.................... { 
.................... CASE MED: 
.................... MEDIR(); 
.................... BREAK; 
*
015D:  GOTO   16D
.................... CASE CAL: 
.................... CALIBRAR(); 
.................... BREAK; 
*
0165:  GOTO   16D
.................... CASE INI: 
.................... INICIALIZACION(); 
.................... BREAK; 
.................... } 
*
016D:  BCF    0A.3
016E:  BCF    0A.4
016F:  GOTO   1DA (RETURN)
.................... } 
....................  
....................  
.................... void main() 
0170:  MOVF   03,W
0171:  ANDLW  1F
0172:  MOVWF  03
0173:  MOVLW  FF
0174:  MOVWF  20
0175:  CLRF   22
0176:  CLRF   21
0177:  BSF    03.5
0178:  BSF    1F.0
0179:  BSF    1F.1
017A:  BSF    1F.2
017B:  BCF    1F.3
017C:  MOVLW  07
017D:  MOVWF  1C
017E:  BCF    03.7
017F:  MOVLW  03
0180:  BCF    03.5
0181:  MOVWF  24
.................... { 
....................    CHAR ITEM; 
....................    CHAR N_MENUS=3; 
....................    lcd_init(); 
0182:  GOTO   079
....................  
....................    while(TRUE) 
....................    { 
....................    IF(INPUT(PIN_B0)) 
0183:  BSF    03.5
0184:  BSF    06.0
0185:  BCF    03.5
0186:  BTFSS  06.0
0187:  GOTO   193
....................    { 
....................    ITEM++; 
0188:  INCF   23,F
....................    DELAY_MS(300); 
0189:  MOVLW  02
018A:  MOVWF  25
018B:  MOVLW  96
018C:  MOVWF  2A
018D:  CALL   012
018E:  DECFSZ 25,F
018F:  GOTO   18B
....................    LCD_PUTC('\f'); 
0190:  MOVLW  0C
0191:  MOVWF  28
0192:  CALL   0C9
....................    } 
....................    IF(ITEM>(N_MENUS-1)) 
0193:  MOVLW  01
0194:  SUBWF  24,W
0195:  SUBWF  23,W
0196:  BTFSC  03.2
0197:  GOTO   19A
0198:  BTFSC  03.0
....................    ITEM=0; 
0199:  CLRF   23
....................     
....................    SWITCH(ITEM) 
019A:  MOVF   23,W
019B:  BTFSC  03.2
019C:  GOTO   1A4
019D:  XORLW  01
019E:  BTFSC  03.2
019F:  GOTO   1B4
01A0:  XORLW  03
01A1:  BTFSC  03.2
01A2:  GOTO   1C0
01A3:  GOTO   1CB
....................    { 
....................    CASE 0: 
....................    LCD_GOTOXY(1,1); 
01A4:  MOVLW  01
01A5:  MOVWF  29
01A6:  MOVWF  2A
01A7:  CALL   0B7
....................    PRINTF(LCD_PUTC,"MEDIR"); 
01A8:  MOVLW  04
01A9:  BSF    03.6
01AA:  MOVWF  0D
01AB:  MOVLW  00
01AC:  MOVWF  0F
01AD:  BCF    03.6
01AE:  CALL   0F5
....................    LCD_GOTOXY(1,1); 
01AF:  MOVLW  01
01B0:  MOVWF  29
01B1:  MOVWF  2A
01B2:  CALL   0B7
....................    BREAK; 
01B3:  GOTO   1CB
....................    CASE 1: 
....................    PRINTF(LCD_PUTC,"CALIBRAR"); 
01B4:  MOVLW  07
01B5:  BSF    03.6
01B6:  MOVWF  0D
01B7:  MOVLW  00
01B8:  MOVWF  0F
01B9:  BCF    03.6
01BA:  CALL   0F5
....................    LCD_GOTOXY(1,1); 
01BB:  MOVLW  01
01BC:  MOVWF  29
01BD:  MOVWF  2A
01BE:  CALL   0B7
....................    BREAK; 
01BF:  GOTO   1CB
....................    CASE 2: 
....................    PRINTF(LCD_PUTC,"INICIALIZAR"); 
01C0:  MOVLW  0C
01C1:  BSF    03.6
01C2:  MOVWF  0D
01C3:  MOVLW  00
01C4:  MOVWF  0F
01C5:  BCF    03.6
01C6:  CALL   0F5
....................    LCD_GOTOXY(1,1); 
01C7:  MOVLW  01
01C8:  MOVWF  29
01C9:  MOVWF  2A
01CA:  CALL   0B7
....................    BREAK; 
....................    } 
....................    IF(INPUT(PIN_B1)) 
01CB:  BSF    03.5
01CC:  BSF    06.1
01CD:  BCF    03.5
01CE:  BTFSS  06.1
01CF:  GOTO   1DA
....................    { 
....................    DELAY_MS(300); 
01D0:  MOVLW  02
01D1:  MOVWF  25
01D2:  MOVLW  96
01D3:  MOVWF  2A
01D4:  CALL   012
01D5:  DECFSZ 25,F
01D6:  GOTO   1D2
....................    RUN_FUN(ITEM); 
01D7:  MOVF   23,W
01D8:  MOVWF  25
01D9:  GOTO   14B
....................    } 
01DA:  GOTO   183
....................     
....................  
....................    } 
....................  
.................... } 
01DB:  SLEEP

Configuration Fuses:
   Word  1: 3F79   XT NOWDT NOPUT BROWNOUT NOLVP NOCPD NOWRT NODEBUG NOPROTECT
