
ROM used:   1430/8192 (17%)
            1430/8192 (17%) including unused fragments

            1.2 Average locations per line
            9.7 Average locations per statement

RAM used:   19/368 (5%) at main() level
            54/368 (15%) worst case

Stack used: 7 worst case (7 in main + 0 for interrupts)
Stack size: 8

Lines Stmts  %   Files
----- ----- ---  -----
   53    31  21  PIC_I2C_LCD_PRUEBA.c
    6     0   0  PIC_I2C_LCD_PRUEBA.h
  771     0   0  ..\..\..\..\..\Program Files (x86)\PICC\Devices\16F887.h
  211    77  52  ..\..\..\..\..\Program Files (x86)\PICC\Drivers\i2c_Flex_LCD.c
  135    40  27  ..\..\..\..\..\Program Files (x86)\PICC\Drivers\Kbd.c
----- -----
 1176   148 Total

Page ROM  %  RAM    Vol Diff  Functions:
---- --- --- ---    --- ----  ----------
0     20   1    1             @delay_ms1
0     52   4    1             @I2C_WRITE_1
0     10   1    1     63  2.3  lcd_backlight_led
0     76   5    3    574  5.9  i2c_send_nibble
0     49   3    3    149  2.8  lcd_send_byte
0     10   1    0     61  1.9  lcd_clear
0      8   1    0             @const655
0     95   7    5    902  5.8  lcd_init
0     55   4    7    681  8.0  lcd_gotoxy
0     37   3    1    315  6.2  LCD_PUTC
0      3   0    0      3  0.0  kbd_init
0    356  25   12    304  3.2  LEER_A0
 Inline         2             @ITOF
0    117   8   13             @MULFF
 Inline        14             @DIVFF
 Inline         5             @FTOSD
0     79   6   13             @DIV3232
0    224  16   13             @PRINTF_L32D_665FPFPF
0    139  10    1    683  6.1  MAIN
0      1   0    0             @const708
0     86   6    4             @PSTRINGC7_665
0      4   0    0             @const713
0      1   0    0             @const714
0      4   0    0             @const715
 Inline         0             @cinit1

Program metrics:
    Functions               10
    Statements              148
    Comments                259
    Volume (V)              5680
    Difficulty (D)          41.9
    Effort to implement (E) 238077
    Time to implement (T)   3 hours, 40 minutes
    Est Delivered Bugs (B)  1
    Cyclomatic Complexity   19
    Maintainability (MI)    144

 Segment     Used  Free
-----------  ----  ----
00000-00003     4  0  
00004-007FF  1426  618  
00800-00FFF     0  2048  
01000-017FF     0  2048  
01800-01FFF     0  2048  



