
ROM used:   93/8192 (1%)
            93/8192 (1%) including unused fragments

            0.1 Average locations per line
            5.5 Average locations per statement

RAM used:   6/368 (2%) at main() level
            7/368 (2%) worst case

Stack used: 0 worst case (0 in main + 0 for interrupts)
Stack size: 8

Lines Stmts  %   Files
----- ----- ---  -----
   37    17 100  HOLA_MUNDO_PICC_.c
    8     0   0  HOLA_MUNDO_PICC_.h
  672     0   0  ..\..\..\..\..\Program Files (x86)\PICC\Devices\16F877A.h
----- -----
  717    17 Total

Page ROM  %  RAM    Vol Diff  Functions:
---- --- --- ---    --- ----  ----------
0     21  23    1             @delay_ms1
0     19  20    0     67  1.2  J_LUCES_1
0     19  20    0     67  1.2  J_LUCES_2
0     30  32    1    170  3.5  MAIN
 Inline         0             @cinit1

Program metrics:
    Functions               3
    Statements              17
    Comments                123
    Volume (V)              416
    Difficulty (D)          5.5
    Effort to implement (E) 2300
    Time to implement (T)   2 minutes
    Est Delivered Bugs (B)  0
    Cyclomatic Complexity   2
    Maintainability (MI)    93

 Segment     Used  Free
-----------  ----  ----
00000-00003     4  0  
00004-007FF    89  1955  
00800-00FFF     0  2048  
01000-017FF     0  2048  
01800-01FFF     0  2048  



